<?xml version="1.0" encoding="UTF-8"?>
<testsuite xmlns:xsi="http://www.w3.org/2001/XMLSchema-instance" xsi:noNamespaceSchemaLocation="https://maven.apache.org/surefire/maven-surefire-plugin/xsd/surefire-test-report.xsd" name="com.manning.junitbook.airport.AirportTest" time="0.068" tests="26" errors="0" skipped="0" failures="0">
  <properties>
[...]
</properties>
  <testcase name="testPremiumFlightVipPassenger" classname="com.manning.junitbook.airport.AirportTest$PremiumFlightTest$VipPassenger" time="0.018"/>
  <testcase name="testPremiumFlightVipPassengerAddedOnlyOnce{RepetitionInfo}[1]" classname="com.manning.junitbook.airport.AirportTest$PremiumFlightTest$VipPassenger" time="0.005"/>
  <testcase name="testPremiumFlightVipPassengerAddedOnlyOnce{RepetitionInfo}[2]" classname="com.manning.junitbook.airport.AirportTest$PremiumFlightTest$VipPassenger" time="0"/>
  <testcase name="testPremiumFlightVipPassengerAddedOnlyOnce{RepetitionInfo}[3]" classname="com.manning.junitbook.airport.AirportTest$PremiumFlightTest$VipPassenger" time="0"/>
  <testcase name="testPremiumFlightVipPassengerAddedOnlyOnce{RepetitionInfo}[4]" classname="com.manning.junitbook.airport.AirportTest$PremiumFlightTest$VipPassenger" time="0"/>
  <testcase name="testPremiumFlightVipPassengerAddedOnlyOnce{RepetitionInfo}[5]" classname="com.manning.junitbook.airport.AirportTest$PremiumFlightTest$VipPassenger" time="0"/>
  <testcase name="testPremiumFlightRegularPassenger" classname="com.manning.junitbook.airport.AirportTest$PremiumFlightTest$RegularPassenger" time="0.001"/>
  <testcase name="testBusinessFlightVipPassenger" classname="com.manning.junitbook.airport.AirportTest$BusinessFlightTest$VipPassenger" time="0.001"/>
  <testcase name="testBusinessFlightVipPassengerAddedOnlyOnce{RepetitionInfo}[1]" classname="com.manning.junitbook.airport.AirportTest$BusinessFlightTest$VipPassenger" time="0.001"/>
  <testcase name="testBusinessFlightVipPassengerAddedOnlyOnce{RepetitionInfo}[2]" classname="com.manning.junitbook.airport.AirportTest$BusinessFlightTest$VipPassenger" time="0"/>
  <testcase name="testBusinessFlightVipPassengerAddedOnlyOnce{RepetitionInfo}[3]" classname="com.manning.junitbook.airport.AirportTest$BusinessFlightTest$VipPassenger" time="0"/>
  <testcase name="testBusinessFlightVipPassengerAddedOnlyOnce{RepetitionInfo}[4]" classname="com.manning.junitbook.airport.AirportTest$BusinessFlightTest$VipPassenger" time="0"/>
  <testcase name="testBusinessFlightVipPassengerAddedOnlyOnce{RepetitionInfo}[5]" classname="com.manning.junitbook.airport.AirportTest$BusinessFlightTest$VipPassenger" time="0"/>
  <testcase name="testBusinessFlightRegularPassenger" classname="com.manning.junitbook.airport.AirportTest$BusinessFlightTest$RegularPassenger" time="0.001"/>
  <testcase name="testEconomyFlightVipPassenger" classname="com.manning.junitbook.airport.AirportTest$EconomyFlightTest$VipPassenger" time="0.002"/>
  <testcase name="testEconomyFlightVipPassengerAddedOnlyOnce{RepetitionInfo}[1]" classname="com.manning.junitbook.airport.AirportTest$EconomyFlightTest$VipPassenger" time="0.001"/>
  <testcase name="testEconomyFlightVipPassengerAddedOnlyOnce{RepetitionInfo}[2]" classname="com.manning.junitbook.airport.AirportTest$EconomyFlightTest$VipPassenger" time="0.001"/>
  <testcase name="testEconomyFlightVipPassengerAddedOnlyOnce{RepetitionInfo}[3]" classname="com.manning.junitbook.airport.AirportTest$EconomyFlightTest$VipPassenger" time="0"/>
  <testcase name="testEconomyFlightVipPassengerAddedOnlyOnce{RepetitionInfo}[4]" classname="com.manning.junitbook.airport.AirportTest$EconomyFlightTest$VipPassenger" time="0"/>
  <testcase name="testEconomyFlightVipPassengerAddedOnlyOnce{RepetitionInfo}[5]" classname="com.manning.junitbook.airport.AirportTest$EconomyFlightTest$VipPassenger" time="0"/>
  <testcase name="testEconomyFlightRegularPassenger" classname="com.manning.junitbook.airport.AirportTest$EconomyFlightTest$RegularPassenger" time="0.002"/>
  <testcase name="testEconomyFlightRegularPassengerAddedOnlyOnce{RepetitionInfo}[1]" classname="com.manning.junitbook.airport.AirportTest$EconomyFlightTest$RegularPassenger" time="0.002"/>
  <testcase name="testEconomyFlightRegularPassengerAddedOnlyOnce{RepetitionInfo}[2]" classname="com.manning.junitbook.airport.AirportTest$EconomyFlightTest$RegularPassenger" time="0"/>
  <testcase name="testEconomyFlightRegularPassengerAddedOnlyOnce{RepetitionInfo}[3]" classname="com.manning.junitbook.airport.AirportTest$EconomyFlightTest$RegularPassenger" time="0"/>
  <testcase name="testEconomyFlightRegularPassengerAddedOnlyOnce{RepetitionInfo}[4]" classname="com.manning.junitbook.airport.AirportTest$EconomyFlightTest$RegularPassenger" time="0.001"/>
  <testcase name="testEconomyFlightRegularPassengerAddedOnlyOnce{RepetitionInfo}[5]" classname="com.manning.junitbook.airport.AirportTest$EconomyFlightTest$RegularPassenger" time="0.001"/>
</testsuite>